+------+--------------------------------+--------------------------------+--------------------------------+--------------------------------+--------------------------------+
| Time |              p_0               |              p_1               |              p_2               |              p_3               |              p_4               |
+------+--------------------------------+--------------------------------+--------------------------------+--------------------------------+--------------------------------+
|  0   |               -                |               -                |               -                |               -                |               -                |
+------+--------------------------------+--------------------------------+--------------------------------+--------------------------------+--------------------------------+
|  1   | p0 BRC p_0:1 with VC 1.0.0.0.0 | P1 REC p_0:1 with VC 1.0.0.0.0 |               -                |               -                |               -                |
|      | P0 REC p_0:1 with VC 1.0.0.0.0 | P1 DLR p_0:1 new VC 1.0.0.0.0  |                                |                                |                                |
|      | P0 DLR p_0:1 new VC 1.0.0.0.0  |                                |                                |                                |                                |
+------+--------------------------------+--------------------------------+--------------------------------+--------------------------------+--------------------------------+
|  2   | P0 REC p_1:1 with VC 1.1.0.0.0 | p1 BRC p_1:1 with VC 1.1.0.0.0 | P2 REC p_1:1 with VC 1.1.0.0.0 | P3 REC p_1:1 with VC 1.1.0.0.0 | P4 REC p_1:1 with VC 1.1.0.0.0 |
|      | P0 DLR p_1:1 new VC 1.1.0.0.0  | P1 REC p_1:1 with VC 1.1.0.0.0 |                                |                                |                                |
|      |                                | P1 DLR p_1:1 new VC 1.1.0.0.0  |                                |                                |                                |
+------+--------------------------------+--------------------------------+--------------------------------+--------------------------------+--------------------------------+
|  3   | P0 REC p_1:2 with VC 1.2.0.0.0 | p1 BRC p_1:2 with VC 1.2.0.0.0 | P2 REC p_1:2 with VC 1.2.0.0.0 | P3 REC p_1:2 with VC 1.2.0.0.0 | P4 REC p_1:2 with VC 1.2.0.0.0 |
|      | P0 DLR p_1:2 new VC 1.2.0.0.0  | P1 REC p_1:2 with VC 1.2.0.0.0 |                                |                                |                                |
|      |                                | P1 DLR p_1:2 new VC 1.2.0.0.0  |                                |                                |                                |
+------+--------------------------------+--------------------------------+--------------------------------+--------------------------------+--------------------------------+
|  4   |               -                |               -                |          P2 REC p_0:1          |          P3 REC p_0:1          |          P4 REC p_0:1          |
|      |                                |                                | P2 DLR p_0:1 new VC 1.0.0.0.0  | P3 DLR p_0:1 new VC 1.0.0.0.0  | P4 DLR p_0:1 new VC 1.0.0.0.0  |
|      |                                |                                | P2 DLR p_1:1 new VC 1.1.0.0.0  | P3 DLR p_1:1 new VC 1.1.0.0.0  | P4 DLR p_1:1 new VC 1.1.0.0.0  |
|      |                                |                                | P2 DLR p_1:2 new VC 1.2.0.0.0  | P3 DLR p_1:2 new VC 1.2.0.0.0  | P4 DLR p_1:2 new VC 1.2.0.0.0  |
+------+--------------------------------+--------------------------------+--------------------------------+--------------------------------+--------------------------------+